[2022-11-13 08:41:27.466141] [0x00007f9b59acf880] [info] ------------------------------------------------------------
[2022-11-13 08:41:27.467243] [0x00007f9b59acf880] [info] Load information from PhyDB
[2022-11-13 08:41:27.467376] [0x00007f9b59acf880] [info]   placement grid not set in PhyDB
[2022-11-13 08:41:27.467405] [0x00007f9b59acf880] [info]   checking sites
[2022-11-13 08:41:27.467414] [0x00007f9b59acf880] [info]     width : 0.6um
[2022-11-13 08:41:27.467594] [0x00007f9b59acf880] [info]     height: 0.3um
[2022-11-13 08:41:27.469345] [0x00007f9b59acf880] [info] (wall time: 0.003687s, cpu time: 0.003648)
[2022-11-13 08:41:27.469435] [0x00007f9b59acf880] [info] ------------------------------------------------------------
[2022-11-13 08:41:27.469472] [0x00007f9b59acf880] [info] Circuit brief summary:
[2022-11-13 08:41:27.469499] [0x00007f9b59acf880] [info]   movable blocks: 188
[2022-11-13 08:41:27.469539] [0x00007f9b59acf880] [info]   fixed blocks:   0
[2022-11-13 08:41:27.469549] [0x00007f9b59acf880] [info]   blocks:         188
[2022-11-13 08:41:27.469553] [0x00007f9b59acf880] [info]   iopins:         24
[2022-11-13 08:41:27.469605] [0x00007f9b59acf880] [info]   nets:           213
[2022-11-13 08:41:27.469646] [0x00007f9b59acf880] [info]   grid size x/y:  0.6/0.3um
[2022-11-13 08:41:27.469679] [0x00007f9b59acf880] [info]   total movable blk area: 30271
[2022-11-13 08:41:27.469713] [0x00007f9b59acf880] [info]   total white space     : 64440
[2022-11-13 08:41:27.469743] [0x00007f9b59acf880] [info]   total block area      : 30271
[2022-11-13 08:41:27.469772] [0x00007f9b59acf880] [info]   total space: 64440
[2022-11-13 08:41:27.469809] [0x00007f9b59acf880] [info]     left:   10
[2022-11-13 08:41:27.469837] [0x00007f9b59acf880] [info]     right:  189
[2022-11-13 08:41:27.469865] [0x00007f9b59acf880] [info]     bottom: 18
[2022-11-13 08:41:27.469894] [0x00007f9b59acf880] [info]     top:    378
[2022-11-13 08:41:27.469921] [0x00007f9b59acf880] [info]   average movable width/height: 7.57447/16.4521um
[2022-11-13 08:41:27.469952] [0x00007f9b59acf880] [info]   white space utility: 0.469755
[2022-11-13 08:41:27.469981] [0x00007f9b59acf880] [info]   current weighted HPWL: 853.987um
[2022-11-13 08:41:27.470353] [0x00007f9b59acf880] [info] ------------------------------------------------------------
[2022-11-13 08:41:27.470392] [0x00007f9b59acf880] [info] Start global placement
[2022-11-13 08:41:27.470421] [0x00007f9b59acf880] [info]   target density: 0.5
[2022-11-13 08:41:27.470604] [0x00007f9b59acf880] [info]   Block location initialization:
    HPWL before, 853.987
[2022-11-13 08:41:27.470682] [0x00007f9b59acf880] [info]     HPWL after, 15350.1
[2022-11-13 08:41:27.475641] [0x00007f9b59acf880] [info]   iter-0  : 3.1717e+02  6.6031e+03
[2022-11-13 08:41:27.477677] [0x00007f9b59acf880] [info]   iter-1  : 3.1013e+02  6.2520e+03
[2022-11-13 08:41:27.479796] [0x00007f9b59acf880] [info]   iter-2  : 3.2518e+02  5.8099e+03
[2022-11-13 08:41:27.481620] [0x00007f9b59acf880] [info]   iter-3  : 3.2601e+02  5.4014e+03
[2022-11-13 08:41:27.483063] [0x00007f9b59acf880] [info]   iter-4  : 3.4050e+02  5.4496e+03
[2022-11-13 08:41:27.485351] [0x00007f9b59acf880] [info]   iter-5  : 3.8567e+02  4.7724e+03
[2022-11-13 08:41:27.487760] [0x00007f9b59acf880] [info]   iter-6  : 4.5332e+02  4.7601e+03
[2022-11-13 08:41:27.489985] [0x00007f9b59acf880] [info]   iter-7  : 5.1157e+02  4.4388e+03
[2022-11-13 08:41:27.492560] [0x00007f9b59acf880] [info]   iter-8  : 5.6811e+02  4.4060e+03
[2022-11-13 08:41:27.494834] [0x00007f9b59acf880] [info]   iter-9  : 6.4045e+02  4.1116e+03
[2022-11-13 08:41:27.497221] [0x00007f9b59acf880] [info]   iter-10 : 7.7017e+02  3.8639e+03
[2022-11-13 08:41:27.499376] [0x00007f9b59acf880] [info]   iter-11 : 8.6396e+02  3.6325e+03
[2022-11-13 08:41:27.500907] [0x00007f9b59acf880] [info]   iter-12 : 9.4832e+02  3.5167e+03
[2022-11-13 08:41:27.503054] [0x00007f9b59acf880] [info]   iter-13 : 1.0395e+03  3.4719e+03
[2022-11-13 08:41:27.505780] [0x00007f9b59acf880] [info]   iter-14 : 1.1177e+03  3.5089e+03
[2022-11-13 08:41:27.507415] [0x00007f9b59acf880] [info]   iter-15 : 1.2017e+03  3.3930e+03
[2022-11-13 08:41:27.509168] [0x00007f9b59acf880] [info]   iter-16 : 1.2825e+03  3.2144e+03
[2022-11-13 08:41:27.510800] [0x00007f9b59acf880] [info]   iter-17 : 1.3340e+03  3.2904e+03
[2022-11-13 08:41:27.512276] [0x00007f9b59acf880] [info]   iter-18 : 1.4188e+03  3.1376e+03
[2022-11-13 08:41:27.513720] [0x00007f9b59acf880] [info]   iter-19 : 1.4891e+03  3.1312e+03
[2022-11-13 08:41:27.515082] [0x00007f9b59acf880] [info]   iter-20 : 1.5696e+03  3.1364e+03
[2022-11-13 08:41:27.516916] [0x00007f9b59acf880] [info]   iter-21 : 1.6283e+03  3.3547e+03
[2022-11-13 08:41:27.518592] [0x00007f9b59acf880] [info]   iter-22 : 1.6983e+03  3.3312e+03
[2022-11-13 08:41:27.519961] [0x00007f9b59acf880] [info]   iter-23 : 1.7665e+03  3.2441e+03
[2022-11-13 08:41:27.521728] [0x00007f9b59acf880] [info]   iter-24 : 1.8213e+03  3.1883e+03
[2022-11-13 08:41:27.523719] [0x00007f9b59acf880] [info]   iter-25 : 1.8568e+03  3.0893e+03
[2022-11-13 08:41:27.525332] [0x00007f9b59acf880] [info]   iter-26 : 1.9620e+03  3.0080e+03
[2022-11-13 08:41:27.526849] [0x00007f9b59acf880] [info]   iter-27 : 2.0138e+03  2.9807e+03
[2022-11-13 08:41:27.528658] [0x00007f9b59acf880] [info]   iter-28 : 2.0699e+03  2.8472e+03
[2022-11-13 08:41:27.530298] [0x00007f9b59acf880] [info]   iter-29 : 2.0891e+03  2.9233e+03
[2022-11-13 08:41:27.531685] [0x00007f9b59acf880] [info]   iter-30 : 2.0798e+03  2.7848e+03
[2022-11-13 08:41:27.533137] [0x00007f9b59acf880] [info]   iter-31 : 2.0956e+03  3.0187e+03
[2022-11-13 08:41:27.534423] [0x00007f9b59acf880] [info]   iter-32 : 2.1962e+03  2.9405e+03
[2022-11-13 08:41:27.535634] [0x00007f9b59acf880] [info]   iter-33 : 2.2076e+03  2.8565e+03
[2022-11-13 08:41:27.537549] [0x00007f9b59acf880] [info]   iter-34 : 2.1882e+03  2.8026e+03
[2022-11-13 08:41:27.539068] [0x00007f9b59acf880] [info]   iter-35 : 2.1753e+03  2.7679e+03
[2022-11-13 08:41:27.540916] [0x00007f9b59acf880] [info]   iter-36 : 2.1847e+03  3.0322e+03
[2022-11-13 08:41:27.542351] [0x00007f9b59acf880] [info]   iter-37 : 2.2732e+03  2.8875e+03
[2022-11-13 08:41:27.543736] [0x00007f9b59acf880] [info]   iter-38 : 2.2887e+03  2.8303e+03
[2022-11-13 08:41:27.545286] [0x00007f9b59acf880] [info]   iter-39 : 2.2849e+03  2.7977e+03
[2022-11-13 08:41:27.546758] [0x00007f9b59acf880] [info]   iter-40 : 2.2714e+03  2.8096e+03
[2022-11-13 08:41:27.548133] [0x00007f9b59acf880] [info]   iter-41 : 2.2881e+03  2.8840e+03
[2022-11-13 08:41:27.549413] [0x00007f9b59acf880] [info]   iter-42 : 2.3011e+03  2.7735e+03
[2022-11-13 08:41:27.550792] [0x00007f9b59acf880] [info]   iter-43 : 2.2963e+03  2.9901e+03
[2022-11-13 08:41:27.552656] [0x00007f9b59acf880] [info]   iter-44 : 2.4034e+03  2.9223e+03
[2022-11-13 08:41:27.554062] [0x00007f9b59acf880] [info]   iter-45 : 2.3849e+03  2.8826e+03
[2022-11-13 08:41:27.555444] [0x00007f9b59acf880] [info]   iter-46 : 2.4232e+03  2.9185e+03
[2022-11-13 08:41:27.556698] [0x00007f9b59acf880] [info]   iter-47 : 2.4434e+03  2.9725e+03
[2022-11-13 08:41:27.557936] [0x00007f9b59acf880] [info]   iter-48 : 2.4445e+03  2.8848e+03
[2022-11-13 08:41:27.559789] [0x00007f9b59acf880] [info]   iter-49 : 2.4519e+03  2.8269e+03
[2022-11-13 08:41:27.561240] [0x00007f9b59acf880] [info]   iter-50 : 2.4197e+03  2.9949e+03
[2022-11-13 08:41:27.562788] [0x00007f9b59acf880] [info]   iter-51 : 2.4663e+03  2.9245e+03
[2022-11-13 08:41:27.564714] [0x00007f9b59acf880] [info]   iter-52 : 2.5165e+03  2.8946e+03
[2022-11-13 08:41:27.566224] [0x00007f9b59acf880] [info]   iter-53 : 2.4703e+03  2.8638e+03
[2022-11-13 08:41:27.568053] [0x00007f9b59acf880] [info]   iter-54 : 2.4672e+03  2.8520e+03
[2022-11-13 08:41:27.569364] [0x00007f9b59acf880] [info]   iter-55 : 2.4886e+03  2.8397e+03
[2022-11-13 08:41:27.570419] [0x00007f9b59acf880] [info]   iter-56 : 2.4718e+03  2.8756e+03
[2022-11-13 08:41:27.571854] [0x00007f9b59acf880] [info]   iter-57 : 2.4918e+03  2.8506e+03
[2022-11-13 08:41:27.573324] [0x00007f9b59acf880] [info]   iter-58 : 2.4977e+03  2.9530e+03
[2022-11-13 08:41:27.574775] [0x00007f9b59acf880] [info]   iter-59 : 2.5980e+03  2.9437e+03
[2022-11-13 08:41:27.575221] [0x00007f9b59acf880] [info]   current weighted HPWL: 2943.71um
[2022-11-13 08:41:27.575621] [0x00007f9b59acf880] [info] [0;36mGlobal placement completed[0m
[2022-11-13 08:41:27.575883] [0x00007f9b59acf880] [info] (wall time: 0.105526s, cpu time: 1.496405)
[2022-11-13 08:41:27.576147] [0x00007f9b59acf880] [info] (peak memory: 5396MB,  current memory: 5396MB)
[2022-11-13 08:41:27.576321] [0x00007f9b59acf880] [info] ------------------------------------------------------------
[2022-11-13 08:41:27.576469] [0x00007f9b59acf880] [info] Start standard cluster well legalization
[2022-11-13 08:41:27.576641] [0x00007f9b59acf880] [info]   Well max plug distance: 75um, 125 
[2022-11-13 08:41:27.576742] [0x00007f9b59acf880] [info]   GridValueX: 0.6 um
[2022-11-13 08:41:27.576840] [0x00007f9b59acf880] [info]   Well spacing: 1.275um, 3
[2022-11-13 08:41:27.576941] [0x00007f9b59acf880] [info]   Well tap cell width: 2
[2022-11-13 08:41:27.577402] [0x00007f9b59acf880] [info] Max movable cell width: 18
[2022-11-13 08:41:27.577567] [0x00007f9b59acf880] [info] Using default gridded row width: 2*max_unplug_length_
[2022-11-13 08:41:27.577690] [0x00007f9b59acf880] [info]   Total number of columns: 1
[2022-11-13 08:41:27.577787] [0x00007f9b59acf880] [info]   Gridded row width: 103.8um, 173
[2022-11-13 08:41:27.578059] [0x00007f9b59acf880] [info] Maximum possible number of gridded rows in a column: 39
[2022-11-13 08:41:27.578231] [0x00007f9b59acf880] [info] Form block clustering
[2022-11-13 08:41:27.579028] [0x00007f9b59acf880] [info]   current weighted HPWL: 3467.18um
[2022-11-13 08:41:27.579324] [0x00007f9b59acf880] [info] Flip cluster orientation
[2022-11-13 08:41:27.579450] [0x00007f9b59acf880] [info]   current weighted HPWL: 3661.72um
[2022-11-13 08:41:27.579593] [0x00007f9b59acf880] [info] Perform local reordering
[2022-11-13 08:41:27.579668] [0x00007f9b59acf880] [info] reorder iteration: 0
[2022-11-13 08:41:27.580595] [0x00007f9b59acf880] [info]   current weighted HPWL: 3542.1um
[2022-11-13 08:41:27.580861] [0x00007f9b59acf880] [info] reorder iteration: 1
[2022-11-13 08:41:27.581704] [0x00007f9b59acf880] [info]   current weighted HPWL: 3522.04um
[2022-11-13 08:41:27.581960] [0x00007f9b59acf880] [info] reorder iteration: 2
[2022-11-13 08:41:27.582833] [0x00007f9b59acf880] [info]   current weighted HPWL: 3526.24um
[2022-11-13 08:41:27.583110] [0x00007f9b59acf880] [info] reorder iteration: 3
[2022-11-13 08:41:27.583944] [0x00007f9b59acf880] [info]   current weighted HPWL: 3550.46um
[2022-11-13 08:41:27.584050] [0x00007f9b59acf880] [info] reorder iteration: 4
[2022-11-13 08:41:27.584834] [0x00007f9b59acf880] [info]   current weighted HPWL: 3561.41um
[2022-11-13 08:41:27.584960] [0x00007f9b59acf880] [info] reorder iteration: 5
[2022-11-13 08:41:27.585727] [0x00007f9b59acf880] [info]   current weighted HPWL: 3576.34um
[2022-11-13 08:41:27.585815] [0x00007f9b59acf880] [info] Insert well tap cells
[2022-11-13 08:41:27.586002] [0x00007f9b59acf880] [info] Inserting complete: 24 well tap cell created
[2022-11-13 08:41:27.586039] [0x00007f9b59acf880] [info]   current weighted HPWL: 3544.27um
[2022-11-13 08:41:27.586092] [0x00007f9b59acf880] [info] [0;36mStandard Cluster Well Legalization completed[0m
[2022-11-13 08:41:27.586117] [0x00007f9b59acf880] [info] (wall time: 0.009789s, cpu time: 0.189266)
[2022-11-13 08:41:27.586177] [0x00007f9b59acf880] [info] (peak memory: 5396MB,  current memory: 5396MB)
[2022-11-13 08:41:27.586260] [0x00007f9b59acf880] [info] Writing PP and NP rect file: dali_outppnp.rect
[2022-11-13 08:41:27.586910] [0x00007f9b59acf880] [info] Writing N-well rect file: dali_outwell.rect
[2022-11-13 08:41:27.587406] [0x00007f9b59acf880] [info] Writing cluster rect file: dali_out_router.cluster
[2022-11-13 08:41:27.587855] [0x00007f9b59acf880] [info] ------------------------------------------------------------
[2022-11-13 08:41:27.587919] [0x00007f9b59acf880] [info] Start I/O Placement
[2022-11-13 08:41:27.588178] [0x00007f9b59acf880] [info] [0;36mI/O Placement complete![0m
[2022-11-13 08:41:27.588468] [0x00007f9b59acf880] [warning] IoPlace flag not specified, use --auto-place by default
[2022-11-13 08:41:27.588521] [0x00007f9b59acf880] [info] ------------------------------------------------------------
[2022-11-13 08:41:27.588565] [0x00007f9b59acf880] [info] Start I/O Placement
[2022-11-13 08:41:27.588613] [0x00007f9b59acf880] [info] [0;36mI/O Placement complete![0m
[2022-11-13 08:41:27.589029] [0x00007f9b59acf880] [info] Export Pplus/Nplus fillings to PhyDB
[2022-11-13 08:41:27.589117] [0x00007f9b59acf880] [info] Export N wells to PhyDB
